<?xml version="1.0" encoding="UTF-8"?>
<!-- Generated by org.testng.reporters.JUnitXMLReporter -->
<testsuite ignored="0" hostname="ASUVANAM-LAP" failures="1" tests="2" name="Extent Report Validation" time="0.646" errors="0" timestamp="2020-09-20T11:02:34 IST">
  <testcase classname="Utilities.GenerateExtentreports" name="method1" time="0.008"/>
  <testcase classname="Utilities.GenerateExtentreports" name="method2" time="0.001">
    <failure type="java.lang.AssertionError" message="expected [true] but found [false]">
      <![CDATA[java.lang.AssertionError: expected [true] but found [false]
at Utilities.GenerateExtentreports.method2(GenerateExtentreports.java:58)
at java.base/java.util.ArrayList.forEach(ArrayList.java:1540)
... Removed 31 stack frames]]>
    </failure>
  </testcase> <!-- method2 -->
</testsuite> <!-- Extent Report Validation -->
