<?xml version="1.0" encoding="UTF-8"?>
<!-- Generated by org.testng.reporters.JUnitXMLReporter -->
<testsuite ignored="0" hostname="ASUVANAM-LAP" failures="1" tests="1" name="Testcase 001_Login Test_Chrome browser" time="8.814" errors="0" timestamp="2020-09-16T20:46:17 IST">
  <testcase classname="Testcases.TC001_LoginTest" name="LoginTest" time="0.121">
    <failure type="java.lang.IllegalArgumentException" message="Keys to send should be a not null CharSequence">
      <![CDATA[java.lang.IllegalArgumentException: Keys to send should be a not null CharSequence
at org.openqa.selenium.remote.RemoteWebElement.sendKeys(RemoteWebElement.java:97)
at org.openqa.selenium.support.pagefactory.internal.LocatingElementHandler.invoke(LocatingElementHandler.java:51)
at com.sun.proxy.$Proxy14.sendKeys(Unknown Source)
at PageObjects.LoginPage.setpassword(LoginPage.java:32)
at Testcases.TC001_LoginTest.LoginTest(TC001_LoginTest.java:20)
at java.base/java.util.ArrayList.forEach(ArrayList.java:1540)
... Removed 31 stack frames]]>
    </failure>
  </testcase> <!-- LoginTest -->
</testsuite> <!-- Testcase 001_Login Test_Chrome browser -->
