<?xml version="1.0" encoding="UTF-8"?>
<!-- Generated by org.testng.reporters.JUnitXMLReporter -->
<testsuite ignored="0" hostname="ASUVANAM-LAP" failures="0" tests="1" name="Test" time="0.041" errors="0" timestamp="2020-10-11T07:12:56 IST">
  <testcase classname="Testcases.BaseClass" name="@BeforeSuite setup" time="-1.602380576078E9">
    <failure type="org.testng.TestNGException" message="
Parameter &amp;apos;browser&amp;apos; is required by BeforeSuite on method setup but has not been marked @Optional or defined
in C:\Users\asuvanam.ORADEV\eclipse-workspace\TestNGHybridFramework\testng.xml">
      <![CDATA[org.testng.TestNGException: 
Parameter 'browser' is required by BeforeSuite on method setup but has not been marked @Optional or defined
in C:\Users\asuvanam.ORADEV\eclipse-workspace\TestNGHybridFramework\testng.xml
... Removed 16 stack frames]]>
    </failure>
  </testcase> <!-- @BeforeSuite setup -->
  <testcase classname="Testcases.BaseClass" name="@AfterMethod aftermethod" time="-1.60238057613E9">
    <skipped/>
  </testcase> <!-- @AfterMethod aftermethod -->
  <testcase classname="Testcases.TC001_LoginTest" name="LoginTest" time="0.0">
    <skipped/>
  </testcase> <!-- LoginTest -->
</testsuite> <!-- Test -->
