<?xml version="1.0" encoding="UTF-8"?>
<!-- Generated by org.testng.reporters.JUnitXMLReporter -->
<testsuite ignored="0" hostname="ASUVANAM-LAP" failures="1" tests="1" name="Test" time="11.732" errors="0" timestamp="2020-10-11T07:35:49 IST">
  <testcase classname="Testcases.TC001_LoginTest" name="LoginTest" time="1.459">
    <failure type="java.lang.AssertionError" message="Login Failed expected [false] but found [true]">
      <![CDATA[java.lang.AssertionError: Login Failed expected [false] but found [true]
at Testcases.TC001_LoginTest.LoginTest(TC001_LoginTest.java:35)
at java.base/java.util.ArrayList.forEach(ArrayList.java:1540)
... Removed 34 stack frames]]>
    </failure>
  </testcase> <!-- LoginTest -->
</testsuite> <!-- Test -->
