<?xml version="1.0" encoding="UTF-8"?>
<testng-results ignored="0" total="1" passed="1" failed="0" skipped="0">
  <reporter-output>
  </reporter-output>
  <suite started-at="2020-09-24T08:29:48 IST" name="Suite" finished-at="2020-09-24T08:30:03 IST" duration-ms="15004">
    <groups>
    </groups>
    <test started-at="2020-09-24T08:29:48 IST" name="Test" finished-at="2020-09-24T08:30:03 IST" duration-ms="15004">
      <class name="Testcases.TC001_LoginTest">
        <test-method is-config="true" signature="setup(java.lang.String)[pri:0, instance:Testcases.TC001_LoginTest@6f3b5d16]" started-at="2020-09-24T08:29:48 IST" name="setup" finished-at="2020-09-24T08:29:58 IST" duration-ms="10387" status="PASS">
          <params>
            <param index="0">
              <value>
                <![CDATA[Chrome]]>
              </value>
            </param>
          </params>
          <reporter-output>
          </reporter-output>
        </test-method> <!-- setup -->
        <test-method signature="LoginTest()[pri:0, instance:Testcases.TC001_LoginTest@6f3b5d16]" started-at="2020-09-24T08:29:58 IST" name="LoginTest" finished-at="2020-09-24T08:30:00 IST" duration-ms="2230" status="PASS">
          <reporter-output>
          </reporter-output>
        </test-method> <!-- LoginTest -->
        <test-method is-config="true" signature="aftermethod(org.testng.ITestResult)[pri:0, instance:Testcases.TC001_LoginTest@6f3b5d16]" started-at="2020-09-24T08:30:00 IST" name="aftermethod" finished-at="2020-09-24T08:30:00 IST" duration-ms="20" status="PASS">
          <params>
            <param index="0">
              <value>
                <![CDATA[[TestResult name=LoginTest status=SUCCESS method=TC001_LoginTest.LoginTest()[pri:0, instance:Testcases.TC001_LoginTest@6f3b5d16] output={null}]]]>
              </value>
            </param>
          </params>
          <reporter-output>
          </reporter-output>
        </test-method> <!-- aftermethod -->
        <test-method is-config="true" signature="teardown()[pri:0, instance:Testcases.TC001_LoginTest@6f3b5d16]" started-at="2020-09-24T08:30:00 IST" name="teardown" finished-at="2020-09-24T08:30:03 IST" duration-ms="2307" status="PASS">
          <reporter-output>
          </reporter-output>
        </test-method> <!-- teardown -->
      </class> <!-- Testcases.TC001_LoginTest -->
    </test> <!-- Test -->
  </suite> <!-- Suite -->
</testng-results>
