<?xml version="1.0" encoding="UTF-8"?>
<testsuite xmlns:xsi="http://www.w3.org/2001/XMLSchema-instance" xsi:noNamespaceSchemaLocation="https://maven.apache.org/surefire/maven-surefire-plugin/xsd/surefire-test-report-3.0.xsd" version="3.0" name="TestSuite" time="12.323" tests="1" errors="0" skipped="0" failures="1">
  <properties>
[...]
</properties>
  <testcase name="LoginTest" classname="Testcases.TC001_LoginTest" time="1.45">
    <failure message="Login Failed expected [false] but found [true]" type="java.lang.AssertionError"><![CDATA[java.lang.AssertionError: Login Failed expected [false] but found [true]
	at Testcases.TC001_LoginTest.LoginTest(TC001_LoginTest.java:35)
]]></failure>
    <system-out><![CDATA[10-11-2020 07:35:37 BaseClass.java INFO  [main] Login test 59 - --------------->Execution Started<----------------
10-11-2020 07:35:46 BaseClass.java INFO  [main] Login test 73 - ---------------->Application Opened<---------------
User name mngr281590
Password gEdAqub
10-11-2020 07:35:46 TC001_LoginTest.java INFO  [main] Login test 20 - Username entered
10-11-2020 07:35:46 TC001_LoginTest.java INFO  [main] Login test 22 - Password entered
10-11-2020 07:35:47 TC001_LoginTest.java INFO  [main] Login test 24 - Submit button is clicked
]]></system-out>
    <system-err><![CDATA[log4j:ERROR Could not find value for key log4j.appender.CONSOLE
log4j:ERROR Could not instantiate appender named "CONSOLE".
Starting ChromeDriver 85.0.4183.87 (cd6713ebf92fa1cacc0f1a598df280093af0c5d7-refs/branch-heads/4183@{#1689}) on port 23050
Only local connections are allowed.
Please see https://chromedriver.chromium.org/security-considerations for suggestions on keeping ChromeDriver safe.
ChromeDriver was started successfully.
[1602381939.232][WARNING]: This version of ChromeDriver has not been tested with Chrome version 86.
Oct 11, 2020 7:35:41 AM org.openqa.selenium.remote.ProtocolHandshake createSession
INFO: Detected dialect: W3C
]]></system-err>
  </testcase>
</testsuite>